Testing test/test_src/ack.mbt
2045

Testing test/test_src/adder.mbt
10

Testing test/test_src/adder2.mbt
35

Testing test/test_src/bf.mbt
RuntimeError: unreachable
    at $moonbitlang/minimbt/lower/riscv.abort|Unit|.fn/2070 (wasm://wasm/003adf56:wasm-function[2281]:0x5960d)
    at @moonbitlang/minimbt/lower/riscv.IteratedBlockInfo::compute_live_set.fn/2071 (wasm://wasm/003adf56:wasm-function[2282]:0x597ed)
    at @moonbitlang/minimbt/lower/riscv.Liveness::compute_block_liveness.fn/2246 (wasm://wasm/003adf56:wasm-function[2297]:0x59d43)
    at @moonbitlang/core/hashmap.T::iter|String+@moonbitlang/minimbt/lower/riscv.IteratedBlockInfo|.fn/2344 (wasm://wasm/003adf56:wasm-function[1629]:0x23508)
    at @moonbitlang/minimbt/lower/riscv.Liveness::compute_block_liveness.fn/2075 (wasm://wasm/003adf56:wasm-function[2294]:0x59c06)
    at @moonbitlang/minimbt/lower/riscv.RiscvFnLoweringCtx::lower.fn/2159 (wasm://wasm/003adf56:wasm-function[2392]:0x5c396)
    at @moonbitlang/minimbt/lower/riscv.RiscvLoweringCtx::lower.fn/2224 (wasm://wasm/003adf56:wasm-function[2421]:0x5f4c3)
    at @moonbitlang/core/hashmap.T::iter|@moonbitlang/minimbt/core.FnRef+@moonbitlang/minimbt/core.Fn|.fn/2340 (wasm://wasm/003adf56:wasm-function[1637]:0x23809)
    at @moonbitlang/minimbt/lower/riscv.RiscvLoweringCtx::lower.fn/2177 (wasm://wasm/003adf56:wasm-function[2420]:0x5f3ad)
    at @moonbitlang/minimbt/bin.CompileStatus::step.fn/2187 (wasm://wasm/003adf56:wasm-function[2451]:0x60972)
error: failed to run
error(compilation): clang failed with stderr: test/test_src/bf.mbt.S:1:1: error: unknown directive
.aux_b8 live set mismatch: @hashset.of([v5, v10, zero, v0, v6, s11, v2]) and @hashset.of([v5, v10, zero, v0, v6, v2])
^

test/test_src/bf.mbt.S:1:1: error: clang exited with code 1
Exception: Could not open file: out


rm: out: No such file or directory
Testing test/test_src/cls-bug.mbt
912

Testing test/test_src/cls-bug2.mbt
9876543210

Testing test/test_src/cls-rec.mbt
120

Testing test/test_src/cls-reg-bug.mbt
15

Testing test/test_src/debug.mbt


Testing test/test_src/even-odd.mbt
456

Testing test/test_src/fib.mbt
832040

Testing test/test_src/float.mbt
-44604263

Testing test/test_src/funcomp.mbt
247

Testing test/test_src/gcd.mbt
2700

Testing test/test_src/id.mbt
1001

Testing test/test_src/inprod-loop.mbt
16826400

rm: out: No such file or directory
rm: out: No such file or directory
Testing test/test_src/join-reg.mbt
error(compilation): clang failed with stderr: test/test_src/join-reg.mbt.S:8:6: error: invalid operand for instruction
  mv v2, a0
     ^
test/test_src/join-reg.mbt.S:34:6: error: invalid operand for instruction
  mv v2, a0
     ^
test/test_src/join-reg.mbt.S:46:6: error: invalid operand for instruction
  mv v2, a0
     ^

test/test_src/join-reg.mbt.S:1:1: error: clang exited with code 1
Exception: Could not open file: out


rm: out: No such file or directory
Testing test/test_src/join-reg2.mbt
error(compilation): clang failed with stderr: test/test_src/join-reg2.mbt.S:8:6: error: invalid operand for instruction
  mv v2, a0
     ^
test/test_src/join-reg2.mbt.S:34:6: error: invalid operand for instruction
  mv v2, a0
     ^
test/test_src/join-reg2.mbt.S:46:6: error: invalid operand for instruction
  mv v2, a0
     ^

test/test_src/join-reg2.mbt.S:1:1: error: clang exited with code 1
Exception: Could not open file: out


rm: out: No such file or directory
Testing test/test_src/join-stack.mbt
error(compilation): clang failed with stderr: test/test_src/join-stack.mbt.S:8:6: error: invalid operand for instruction
  mv v2, a0
     ^
test/test_src/join-stack.mbt.S:34:6: error: invalid operand for instruction
  mv v2, a0
     ^
test/test_src/join-stack.mbt.S:46:6: error: invalid operand for instruction
  mv v2, a0
     ^

test/test_src/join-stack.mbt.S:1:1: error: clang exited with code 1
Exception: Could not open file: out


rm: out: No such file or directory
Testing test/test_src/join-stack2.mbt
error(compilation): clang failed with stderr: test/test_src/join-stack2.mbt.S:8:6: error: invalid operand for instruction
  mv v2, a0
     ^
test/test_src/join-stack2.mbt.S:34:6: error: invalid operand for instruction
  mv v2, a0
     ^

test/test_src/join-stack2.mbt.S:1:1: error: clang exited with code 1
Exception: Could not open file: out


rm: out: No such file or directory
Testing test/test_src/join-stack3.mbt
error(compilation): clang failed with stderr: test/test_src/join-stack3.mbt.S:8:6: error: invalid operand for instruction
  mv v2, a0
     ^
test/test_src/join-stack3.mbt.S:34:6: error: invalid operand for instruction
  mv v2, a0
     ^
test/test_src/join-stack3.mbt.S:46:6: error: invalid operand for instruction
  mv v2, a0
     ^

test/test_src/join-stack3.mbt.S:1:1: error: clang exited with code 1
Exception: Could not open file: out


rm: out: No such file or directory
Testing test/test_src/landins_knot.mbt
3548768835487672

Testing test/test_src/matmul-flat.mbt
error(compilation): clang failed with stderr: test/test_src/matmul-flat.mbt.S:116:11: error: invalid operand for instruction
  fmv.d.x fv216, zero
          ^

test/test_src/matmul-flat.mbt.S:1:1: error: clang exited with code 1
Exception: Could not open file: out


rm: out: No such file or directory
Testing test/test_src/matmul.mbt
error(compilation): clang failed with stderr: test/test_src/matmul.mbt.S:149:11: error: invalid operand for instruction
  fmv.d.x fv211, zero
          ^

test/test_src/matmul.mbt.S:1:1: error: clang exited with code 1
Exception: Could not open file: out


rm: out: No such file or directory
Testing test/test_src/non-tail-if.mbt
-10

Testing test/test_src/non-tail-if2.mbt
80238

Testing test/test_src/print.mbt
123-456789

Testing test/test_src/shuffle.mbt
214563

Testing test/test_src/spill.mbt
error(compilation): clang failed with stderr: test/test_src/spill.mbt.S:19:6: error: invalid operand for instruction
  mv v2, a0
     ^
test/test_src/spill.mbt.S:21:6: error: invalid operand for instruction
  mv v5, a3
     ^
test/test_src/spill.mbt.S:22:11: error: invalid operand for instruction
  add s4, v2, s5
          ^
test/test_src/spill.mbt.S:23:11: error: invalid operand for instruction
  add a0, v2, a2
          ^
test/test_src/spill.mbt.S:24:11: error: invalid operand for instruction
  add a3, v2, v5
          ^
test/test_src/spill.mbt.S:25:7: error: invalid operand for instruction
  add v9, s5, a2
      ^
test/test_src/spill.mbt.S:26:15: error: operand must be a symbol with %lo/%pcrel_lo/%tprel_lo modifier or an integer in the range [-2048, 2047]
  add s7, s5, v5
              ^
test/test_src/spill.mbt.S:27:7: error: invalid operand for instruction
  add v11, a2, v5
      ^
test/test_src/spill.mbt.S:28:7: error: invalid operand for instruction
  add v12, s4, a0
      ^
test/test_src/spill.mbt.S:30:15: error: operand must be a symbol with %lo/%pcrel_lo/%tprel_lo modifier or an integer in the range [-2048, 2047]
  add s9, s4, v9
              ^
test/test_src/spill.mbt.S:32:15: error: operand must be a symbol with %lo/%pcrel_lo/%tprel_lo modifier or an integer in the range [-2048, 2047]
  add t2, s4, v11
              ^
test/test_src/spill.mbt.S:33:7: error: invalid operand for instruction
  add v17, a0, a3
      ^
test/test_src/spill.mbt.S:34:7: error: invalid operand for instruction
  add v18, a0, v9
      ^
test/test_src/spill.mbt.S:36:7: error: invalid operand for instruction
  add v20, a0, v11
      ^
test/test_src/spill.mbt.S:37:15: error: operand must be a symbol with %lo/%pcrel_lo/%tprel_lo modifier or an integer in the range [-2048, 2047]
  add s2, a3, v9
              ^
test/test_src/spill.mbt.S:39:15: error: operand must be a symbol with %lo/%pcrel_lo/%tprel_lo modifier or an integer in the range [-2048, 2047]
  add s0, a3, v11
              ^
test/test_src/spill.mbt.S:40:11: error: invalid operand for instruction
  add t5, v9, s7
          ^
test/test_src/spill.mbt.S:41:11: error: invalid operand for instruction
  add t4, v9, v11
          ^
test/test_src/spill.mbt.S:42:15: error: operand must be a symbol with %lo/%pcrel_lo/%tprel_lo modifier or an integer in the range [-2048, 2047]
  add t3, s7, v11
              ^
test/test_src/spill.mbt.S:43:7: error: invalid operand for instruction
  add v27, v12, s10
      ^
test/test_src/spill.mbt.S:44:11: error: invalid operand for instruction
  add t1, v12, s9
          ^
test/test_src/spill.mbt.S:45:11: error: invalid operand for instruction
  add t0, v12, s8
          ^
test/test_src/spill.mbt.S:46:11: error: invalid operand for instruction
  add a7, v12, t2
          ^
test/test_src/spill.mbt.S:47:11: error: invalid operand for instruction
  add a6, v12, v17
          ^
test/test_src/spill.mbt.S:48:11: error: invalid operand for instruction
  add a5, v12, v18
          ^
test/test_src/spill.mbt.S:49:7: error: invalid operand for instruction
  add v33, v12, s3
      ^
test/test_src/spill.mbt.S:50:11: error: invalid operand for instruction
  add a4, v12, v20
          ^
test/test_src/spill.mbt.S:51:7: error: invalid operand for instruction
  add v35, v12, s2
      ^
test/test_src/spill.mbt.S:52:7: error: invalid operand for instruction
  add v36, v12, s1
      ^
test/test_src/spill.mbt.S:53:7: error: invalid operand for instruction
  add v37, v12, s0
      ^
test/test_src/spill.mbt.S:54:7: error: invalid operand for instruction
  add v38, v12, t5
      ^
test/test_src/spill.mbt.S:55:11: error: invalid operand for instruction
  add s6, v12, t4
          ^
test/test_src/spill.mbt.S:56:11: error: invalid operand for instruction
  add a1, v12, t3
          ^
test/test_src/spill.mbt.S:57:11: error: invalid operand for instruction
  add s5, v2, s5
          ^
test/test_src/spill.mbt.S:59:15: error: operand must be a symbol with %lo/%pcrel_lo/%tprel_lo modifier or an integer in the range [-2048, 2047]
  add a2, a2, v5
              ^
test/test_src/spill.mbt.S:63:15: error: operand must be a symbol with %lo/%pcrel_lo/%tprel_lo modifier or an integer in the range [-2048, 2047]
  add a0, a0, v9
              ^
test/test_src/spill.mbt.S:65:15: error: operand must be a symbol with %lo/%pcrel_lo/%tprel_lo modifier or an integer in the range [-2048, 2047]
  add a0, a0, v11
              ^
test/test_src/spill.mbt.S:66:15: error: operand must be a symbol with %lo/%pcrel_lo/%tprel_lo modifier or an integer in the range [-2048, 2047]
  add a0, a0, v12
              ^
test/test_src/spill.mbt.S:71:15: error: operand must be a symbol with %lo/%pcrel_lo/%tprel_lo modifier or an integer in the range [-2048, 2047]
  add a0, a0, v17
              ^
test/test_src/spill.mbt.S:72:15: error: operand must be a symbol with %lo/%pcrel_lo/%tprel_lo modifier or an integer in the range [-2048, 2047]
  add a0, a0, v18
              ^
test/test_src/spill.mbt.S:74:15: error: operand must be a symbol with %lo/%pcrel_lo/%tprel_lo modifier or an integer in the range [-2048, 2047]
  add a0, a0, v20
              ^
test/test_src/spill.mbt.S:81:15: error: operand must be a symbol with %lo/%pcrel_lo/%tprel_lo modifier or an integer in the range [-2048, 2047]
  add a0, a0, v27
              ^
test/test_src/spill.mbt.S:87:15: error: operand must be a symbol with %lo/%pcrel_lo/%tprel_lo modifier or an integer in the range [-2048, 2047]
  add a0, a0, v33
              ^
test/test_src/spill.mbt.S:89:15: error: operand must be a symbol with %lo/%pcrel_lo/%tprel_lo modifier or an integer in the range [-2048, 2047]
  add a0, a0, v35
              ^
test/test_src/spill.mbt.S:90:15: error: operand must be a symbol with %lo/%pcrel_lo/%tprel_lo modifier or an integer in the range [-2048, 2047]
  add a0, a0, v36
              ^
test/test_src/spill.mbt.S:91:15: error: operand must be a symbol with %lo/%pcrel_lo/%tprel_lo modifier or an integer in the range [-2048, 2047]
  add a0, a0, v37
              ^
test/test_src/spill.mbt.S:92:15: error: operand must be a symbol with %lo/%pcrel_lo/%tprel_lo modifier or an integer in the range [-2048, 2047]
  add a0, a0, v38
              ^

test/test_src/spill.mbt.S:1:1: error: clang exited with code 1
Exception: Could not open file: out


rm: out: No such file or directory
Testing test/test_src/spill2.mbt
77880

Testing test/test_src/spill3.mbt
error(compilation): clang failed with stderr: test/test_src/spill3.mbt.S:27:7: error: invalid operand for instruction
  add v6, a3, a0
      ^
test/test_src/spill3.mbt.S:29:11: error: invalid operand for instruction
  add t4, v6, a0
          ^
test/test_src/spill3.mbt.S:33:7: error: invalid operand for instruction
  add v9, s9, a0
      ^
test/test_src/spill3.mbt.S:35:7: error: invalid operand for instruction
  add v10, v9, a0
      ^
test/test_src/spill3.mbt.S:37:11: error: invalid operand for instruction
  add t0, v10, a0
          ^
test/test_src/spill3.mbt.S:43:7: error: invalid operand for instruction
  add v14, a6, a0
      ^
test/test_src/spill3.mbt.S:45:11: error: invalid operand for instruction
  add t5, v14, a0
          ^
test/test_src/spill3.mbt.S:49:7: error: invalid operand for instruction
  add v17, s5, a0
      ^
test/test_src/spill3.mbt.S:51:11: error: invalid operand for instruction
  add s1, v17, a0
          ^
test/test_src/spill3.mbt.S:55:7: error: invalid operand for instruction
  add v20, s3, a0
      ^
test/test_src/spill3.mbt.S:56:7: error: invalid operand for instruction
  add v21, v20, a4
      ^
test/test_src/spill3.mbt.S:57:7: error: invalid operand for instruction
  add v22, v21, a2
      ^
test/test_src/spill3.mbt.S:58:11: error: invalid operand for instruction
  add s4, v22, a3
          ^
test/test_src/spill3.mbt.S:59:7: error: invalid operand for instruction
  add v24, s4, v6
      ^
test/test_src/spill3.mbt.S:60:7: error: invalid operand for instruction
  add v25, v24, t4
      ^
test/test_src/spill3.mbt.S:61:11: error: invalid operand for instruction
  add s8, v25, s9
          ^
test/test_src/spill3.mbt.S:62:7: error: invalid operand for instruction
  add v27, s8, v9
      ^
test/test_src/spill3.mbt.S:63:11: error: invalid operand for instruction
  add s7, v27, v10
          ^
test/test_src/spill3.mbt.S:67:15: error: operand must be a symbol with %lo/%pcrel_lo/%tprel_lo modifier or an integer in the range [-2048, 2047]
  add s0, a7, v14
              ^
test/test_src/spill3.mbt.S:68:7: error: invalid operand for instruction
  add v33, s0, t5
      ^
test/test_src/spill3.mbt.S:69:11: error: invalid operand for instruction
  add s6, v33, s5
          ^
test/test_src/spill3.mbt.S:70:15: error: operand must be a symbol with %lo/%pcrel_lo/%tprel_lo modifier or an integer in the range [-2048, 2047]
  add t3, s6, v17
              ^
test/test_src/spill3.mbt.S:76:15: error: operand must be a symbol with %lo/%pcrel_lo/%tprel_lo modifier or an integer in the range [-2048, 2047]
  add a2, a2, v6
              ^
test/test_src/spill3.mbt.S:79:15: error: operand must be a symbol with %lo/%pcrel_lo/%tprel_lo modifier or an integer in the range [-2048, 2047]
  add a2, a2, v9
              ^
test/test_src/spill3.mbt.S:80:15: error: operand must be a symbol with %lo/%pcrel_lo/%tprel_lo modifier or an integer in the range [-2048, 2047]
  add a2, a2, v10
              ^
test/test_src/spill3.mbt.S:84:15: error: operand must be a symbol with %lo/%pcrel_lo/%tprel_lo modifier or an integer in the range [-2048, 2047]
  add a2, a2, v14
              ^
test/test_src/spill3.mbt.S:87:15: error: operand must be a symbol with %lo/%pcrel_lo/%tprel_lo modifier or an integer in the range [-2048, 2047]
  add a2, a2, v17
              ^
test/test_src/spill3.mbt.S:90:15: error: operand must be a symbol with %lo/%pcrel_lo/%tprel_lo modifier or an integer in the range [-2048, 2047]
  add a2, a2, v20
              ^
test/test_src/spill3.mbt.S:91:15: error: operand must be a symbol with %lo/%pcrel_lo/%tprel_lo modifier or an integer in the range [-2048, 2047]
  add a2, a2, v21
              ^
test/test_src/spill3.mbt.S:92:15: error: operand must be a symbol with %lo/%pcrel_lo/%tprel_lo modifier or an integer in the range [-2048, 2047]
  add a2, a2, v22
              ^
test/test_src/spill3.mbt.S:94:15: error: operand must be a symbol with %lo/%pcrel_lo/%tprel_lo modifier or an integer in the range [-2048, 2047]
  add a2, a2, v24
              ^
test/test_src/spill3.mbt.S:95:15: error: operand must be a symbol with %lo/%pcrel_lo/%tprel_lo modifier or an integer in the range [-2048, 2047]
  add a2, a2, v25
              ^
test/test_src/spill3.mbt.S:97:15: error: operand must be a symbol with %lo/%pcrel_lo/%tprel_lo modifier or an integer in the range [-2048, 2047]
  add a2, a2, v27
              ^
test/test_src/spill3.mbt.S:103:15: error: operand must be a symbol with %lo/%pcrel_lo/%tprel_lo modifier or an integer in the range [-2048, 2047]
  add a0, a0, v33
              ^

test/test_src/spill3.mbt.S:1:1: error: clang exited with code 1
Exception: Could not open file: out


rm: out: No such file or directory
Testing test/test_src/sum-tail.mbt
50005000

Testing test/test_src/sum.mbt
50005000

